TN:
SF:src/components/Autocomplete.vue
FN:40,(anonymous_0)
FN:48,(anonymous_1)
FN:49,(anonymous_2)
FN:60,(anonymous_3)
FN:61,(anonymous_4)
FN:71,(anonymous_5)
FN:82,(anonymous_6)
FN:5,(anonymous_7)
FN:6,(anonymous_8)
FN:14,(anonymous_9)
FN:16,(anonymous_10)
FNF:11
FNH:11
FNDA:29,(anonymous_0)
FNDA:42,(anonymous_1)
FNDA:28,(anonymous_2)
FNDA:2,(anonymous_3)
FNDA:3,(anonymous_4)
FNDA:3,(anonymous_5)
FNDA:4,(anonymous_6)
FNDA:3,(anonymous_7)
FNDA:3,(anonymous_8)
FNDA:13,(anonymous_9)
FNDA:4,(anonymous_10)
DA:2,60
DA:5,3
DA:6,3
DA:13,13
DA:16,4
DA:19,2
DA:29,2
DA:41,29
DA:49,42
DA:50,28
DA:61,3
DA:62,2
DA:72,3
DA:73,3
DA:74,3
DA:75,3
DA:83,4
DA:84,4
DA:85,4
DA:87,4
DA:88,4
DA:94,4
LF:22
LH:22
BRDA:62,0,0,1
BRDA:62,0,1,1
BRDA:74,1,0,3
BRDA:74,1,1,0
BRDA:2,2,0,59
BRDA:5,3,0,59
BRDA:5,3,1,28
BRDA:6,4,0,59
BRDA:6,4,1,28
BRDA:6,5,0,3
BRDA:6,5,1,3
BRDA:11,6,0,7
BRDA:11,7,0,59
BRDA:11,7,1,15
BRDA:20,8,0,13
BRF:15
BRH:14
end_of_record
TN:
SF:src/components/Com2coQuickAccess.vue
FN:29,(anonymous_0)
FN:52,(anonymous_1)
FN:8,(anonymous_2)
FN:10,(anonymous_3)
FNF:4
FNH:4
FNDA:14,(anonymous_0)
FNDA:7,(anonymous_1)
FNDA:57,(anonymous_2)
FNDA:7,(anonymous_3)
DA:2,21
DA:3,1
DA:6,1
DA:7,57
DA:10,7
DA:21,1
DA:30,14
DA:53,7
DA:56,7
DA:63,7
DA:64,1
DA:65,1
DA:68,7
DA:70,7
LF:14
LH:14
BRDA:63,0,0,1
BRDA:63,0,1,6
BRDA:63,1,0,7
BRDA:63,1,1,1
BRDA:64,2,0,1
BRDA:64,2,1,0
BRDA:2,3,0,19
BRDA:2,4,0,21
BRDA:2,4,1,20
BRDA:4,5,0,19
BRDA:4,5,1,1
BRF:11
BRH:10
end_of_record
TN:
SF:src/components/HeaderAsso.vue
FN:101,(anonymous_0)
FN:106,(anonymous_1)
FN:110,(anonymous_2)
FN:123,(anonymous_3)
FN:151,(anonymous_4)
FN:153,(anonymous_5)
FN:10,(anonymous_6)
FN:66,(anonymous_7)
FN:72,(anonymous_8)
FN:78,(anonymous_9)
FN:84,(anonymous_10)
FNF:11
FNH:0
FNDA:0,(anonymous_0)
FNDA:0,(anonymous_1)
FNDA:0,(anonymous_2)
FNDA:0,(anonymous_3)
FNDA:0,(anonymous_4)
FNDA:0,(anonymous_5)
FNDA:0,(anonymous_6)
FNDA:0,(anonymous_7)
FNDA:0,(anonymous_8)
FNDA:0,(anonymous_9)
FNDA:0,(anonymous_10)
DA:2,0
DA:9,0
DA:10,0
DA:62,0
DA:68,0
DA:74,0
DA:80,0
DA:86,0
DA:90,0
DA:99,0
DA:102,0
DA:107,0
DA:111,0
DA:112,0
DA:113,0
DA:117,0
DA:118,0
DA:119,0
DA:120,0
DA:125,0
DA:126,0
DA:127,0
DA:128,0
DA:131,0
DA:132,0
DA:133,0
DA:136,0
DA:139,0
DA:140,0
DA:143,0
DA:146,0
DA:147,0
DA:151,0
DA:152,0
DA:154,0
DA:157,0
LF:36
LH:0
BRDA:111,0,0,0
BRDA:111,0,1,0
BRDA:118,1,0,0
BRDA:118,1,1,0
BRDA:126,2,0,0
BRDA:126,2,1,0
BRDA:143,3,0,0
BRDA:143,3,1,0
BRDA:146,4,0,0
BRDA:146,4,1,0
BRDA:147,5,0,0
BRDA:147,5,1,0
BRDA:10,6,0,0
BRDA:10,6,1,0
BRDA:10,7,0,0
BRDA:10,7,1,0
BRDA:68,8,0,0
BRDA:68,8,1,0
BRDA:74,9,0,0
BRDA:74,9,1,0
BRDA:80,10,0,0
BRDA:80,10,1,0
BRDA:86,11,0,0
BRDA:86,11,1,0
BRF:24
BRH:0
end_of_record
TN:
SF:src/components/Isochrone.vue
FN:222,getParkColor
FN:248,selectSquarePalette
FN:267,densityParams
FN:275,getSquareColor
FN:298,getColorLegend
FN:362,(anonymous_5)
FN:366,(anonymous_6)
FN:371,(anonymous_7)
FN:474,(anonymous_8)
FN:483,(anonymous_9)
FN:488,(anonymous_10)
FN:506,(anonymous_11)
FN:511,(anonymous_12)
FN:520,(anonymous_13)
FN:528,(anonymous_14)
FN:536,(anonymous_15)
FN:545,(anonymous_16)
FN:550,(anonymous_17)
FN:562,(anonymous_18)
FN:576,(anonymous_19)
FN:589,(anonymous_20)
FN:594,(anonymous_21)
FN:600,(anonymous_22)
FN:606,(anonymous_23)
FN:617,(anonymous_24)
FN:620,(anonymous_25)
FN:629,(anonymous_26)
FN:640,(anonymous_27)
FN:685,(anonymous_28)
FN:707,(anonymous_29)
FN:739,(anonymous_30)
FN:742,(anonymous_31)
FN:756,(anonymous_32)
FN:765,(anonymous_33)
FN:773,(anonymous_34)
FN:787,(anonymous_35)
FN:801,(anonymous_36)
FN:810,(anonymous_37)
FN:823,(anonymous_38)
FN:838,(anonymous_39)
FN:846,(anonymous_40)
FN:859,(anonymous_41)
FN:874,(anonymous_42)
FN:882,(anonymous_43)
FN:887,(anonymous_44)
FN:975,(anonymous_45)
FN:991,(anonymous_46)
FN:993,(anonymous_47)
FN:996,(anonymous_48)
FN:1001,(anonymous_49)
FN:1006,(anonymous_50)
FN:1011,(anonymous_51)
FN:1013,(anonymous_52)
FN:1023,(anonymous_53)
FN:1024,(anonymous_54)
FN:1026,(anonymous_55)
FN:1027,(anonymous_56)
FN:1029,(anonymous_57)
FN:1030,(anonymous_58)
FN:1040,(anonymous_59)
FN:1041,(anonymous_60)
FN:1077,(anonymous_61)
FN:1082,(anonymous_62)
FN:1083,(anonymous_63)
FN:1136,(anonymous_64)
FN:1155,(anonymous_65)
FN:1156,(anonymous_66)
FN:1166,(anonymous_67)
FN:1188,(anonymous_68)
FN:1195,(anonymous_69)
FN:1208,(anonymous_70)
FN:1212,(anonymous_71)
FN:1215,(anonymous_72)
FN:4,(anonymous_73)
FN:4,(anonymous_74)
FN:16,(anonymous_75)
FN:24,(anonymous_76)
FN:32,(anonymous_77)
FN:37,(anonymous_78)
FN:45,(anonymous_79)
FN:45,(anonymous_80)
FN:61,(anonymous_81)
FN:61,(anonymous_82)
FN:74,(anonymous_83)
FN:79,(anonymous_84)
FN:87,(anonymous_85)
FN:98,(anonymous_86)
FN:99,(anonymous_87)
FN:109,(anonymous_88)
FN:118,(anonymous_89)
FN:126,(anonymous_90)
FN:135,(anonymous_91)
FNF:92
FNH:0
FNDA:0,getParkColor
FNDA:0,selectSquarePalette
FNDA:0,densityParams
FNDA:0,getSquareColor
FNDA:0,getColorLegend
FNDA:0,(anonymous_5)
FNDA:0,(anonymous_6)
FNDA:0,(anonymous_7)
FNDA:0,(anonymous_8)
FNDA:0,(anonymous_9)
FNDA:0,(anonymous_10)
FNDA:0,(anonymous_11)
FNDA:0,(anonymous_12)
FNDA:0,(anonymous_13)
FNDA:0,(anonymous_14)
FNDA:0,(anonymous_15)
FNDA:0,(anonymous_16)
FNDA:0,(anonymous_17)
FNDA:0,(anonymous_18)
FNDA:0,(anonymous_19)
FNDA:0,(anonymous_20)
FNDA:0,(anonymous_21)
FNDA:0,(anonymous_22)
FNDA:0,(anonymous_23)
FNDA:0,(anonymous_24)
FNDA:0,(anonymous_25)
FNDA:0,(anonymous_26)
FNDA:0,(anonymous_27)
FNDA:0,(anonymous_28)
FNDA:0,(anonymous_29)
FNDA:0,(anonymous_30)
FNDA:0,(anonymous_31)
FNDA:0,(anonymous_32)
FNDA:0,(anonymous_33)
FNDA:0,(anonymous_34)
FNDA:0,(anonymous_35)
FNDA:0,(anonymous_36)
FNDA:0,(anonymous_37)
FNDA:0,(anonymous_38)
FNDA:0,(anonymous_39)
FNDA:0,(anonymous_40)
FNDA:0,(anonymous_41)
FNDA:0,(anonymous_42)
FNDA:0,(anonymous_43)
FNDA:0,(anonymous_44)
FNDA:0,(anonymous_45)
FNDA:0,(anonymous_46)
FNDA:0,(anonymous_47)
FNDA:0,(anonymous_48)
FNDA:0,(anonymous_49)
FNDA:0,(anonymous_50)
FNDA:0,(anonymous_51)
FNDA:0,(anonymous_52)
FNDA:0,(anonymous_53)
FNDA:0,(anonymous_54)
FNDA:0,(anonymous_55)
FNDA:0,(anonymous_56)
FNDA:0,(anonymous_57)
FNDA:0,(anonymous_58)
FNDA:0,(anonymous_59)
FNDA:0,(anonymous_60)
FNDA:0,(anonymous_61)
FNDA:0,(anonymous_62)
FNDA:0,(anonymous_63)
FNDA:0,(anonymous_64)
FNDA:0,(anonymous_65)
FNDA:0,(anonymous_66)
FNDA:0,(anonymous_67)
FNDA:0,(anonymous_68)
FNDA:0,(anonymous_69)
FNDA:0,(anonymous_70)
FNDA:0,(anonymous_71)
FNDA:0,(anonymous_72)
FNDA:0,(anonymous_73)
FNDA:0,(anonymous_74)
FNDA:0,(anonymous_75)
FNDA:0,(anonymous_76)
FNDA:0,(anonymous_77)
FNDA:0,(anonymous_78)
FNDA:0,(anonymous_79)
FNDA:0,(anonymous_80)
FNDA:0,(anonymous_81)
FNDA:0,(anonymous_82)
FNDA:0,(anonymous_83)
FNDA:0,(anonymous_84)
FNDA:0,(anonymous_85)
FNDA:0,(anonymous_86)
FNDA:0,(anonymous_87)
FNDA:0,(anonymous_88)
FNDA:0,(anonymous_89)
FNDA:0,(anonymous_90)
FNDA:0,(anonymous_91)
DA:2,0
DA:4,0
DA:16,0
DA:24,0
DA:32,0
DA:37,0
DA:45,0
DA:60,0
DA:61,0
DA:74,0
DA:79,0
DA:84,0
DA:90,0
DA:99,0
DA:103,0
DA:109,0
DA:118,0
DA:126,0
DA:135,0
DA:218,0
DA:223,0
DA:225,0
DA:227,0
DA:228,0
DA:229,0
DA:230,0
DA:231,0
DA:232,0
DA:236,0
DA:237,0
DA:238,0
DA:239,0
DA:240,0
DA:241,0
DA:244,0
DA:249,0
DA:250,0
DA:258,0
DA:269,0
DA:270,0
DA:271,0
DA:277,0
DA:279,0
DA:280,0
DA:283,0
DA:284,0
DA:285,0
DA:287,0
DA:288,0
DA:289,0
DA:290,0
DA:291,0
DA:292,0
DA:295,0
DA:300,0
DA:301,0
DA:302,0
DA:304,0
DA:306,0
DA:307,0
DA:308,0
DA:309,0
DA:311,0
DA:312,0
DA:313,0
DA:315,0
DA:319,0
DA:320,0
DA:321,0
DA:323,0
DA:324,0
DA:326,0
DA:340,0
DA:344,0
DA:363,0
DA:364,0
DA:368,0
DA:369,0
DA:373,0
DA:374,0
DA:376,0
DA:475,0
DA:476,0
DA:477,0
DA:478,0
DA:484,0
DA:489,0
DA:490,0
DA:491,0
DA:492,0
DA:493,0
DA:494,0
DA:499,0
DA:500,0
DA:501,0
DA:504,0
DA:507,0
DA:508,0
DA:512,0
DA:513,0
DA:514,0
DA:515,0
DA:516,0
DA:517,0
DA:518,0
DA:521,0
DA:530,0
DA:534,0
DA:537,0
DA:539,0
DA:543,0
DA:546,0
DA:547,0
DA:548,0
DA:552,0
DA:555,0
DA:557,0
DA:560,0
DA:563,0
DA:568,0
DA:577,0
DA:590,0
DA:592,0
DA:593,0
DA:594,0
DA:598,0
DA:599,0
DA:600,0
DA:603,0
DA:607,0
DA:608,0
DA:609,0
DA:611,0
DA:612,0
DA:614,0
DA:618,0
DA:632,0
DA:637,0
DA:638,0
DA:641,0
DA:644,0
DA:650,0
DA:651,0
DA:652,0
DA:653,0
DA:656,0
DA:662,0
DA:664,0
DA:665,0
DA:666,0
DA:667,0
DA:669,0
DA:670,0
DA:673,0
DA:686,0
DA:688,0
DA:691,0
DA:692,0
DA:694,0
DA:696,0
DA:698,0
DA:703,0
DA:704,0
DA:707,0
DA:708,0
DA:709,0
DA:713,0
DA:716,0
DA:718,0
DA:728,0
DA:740,0
DA:743,0
DA:744,0
DA:757,0
DA:758,0
DA:759,0
DA:760,0
DA:762,0
DA:766,0
DA:767,0
DA:768,0
DA:769,0
DA:771,0
DA:773,0
DA:774,0
DA:788,0
DA:789,0
DA:790,0
DA:791,0
DA:793,0
DA:802,0
DA:803,0
DA:804,0
DA:805,0
DA:807,0
DA:809,0
DA:810,0
DA:811,0
DA:824,0
DA:825,0
DA:826,0
DA:827,0
DA:829,0
DA:839,0
DA:840,0
DA:841,0
DA:842,0
DA:844,0
DA:846,0
DA:847,0
DA:860,0
DA:861,0
DA:862,0
DA:863,0
DA:865,0
DA:875,0
DA:876,0
DA:877,0
DA:878,0
DA:880,0
DA:882,0
DA:883,0
DA:888,0
DA:890,0
DA:891,0
DA:893,0
DA:894,0
DA:895,0
DA:899,0
DA:900,0
DA:902,0
DA:903,0
DA:911,0
DA:915,0
DA:916,0
DA:917,0
DA:918,0
DA:921,0
DA:922,0
DA:924,0
DA:925,0
DA:926,0
DA:929,0
DA:930,0
DA:931,0
DA:935,0
DA:937,0
DA:941,0
DA:942,0
DA:944,0
DA:952,0
DA:959,0
DA:960,0
DA:966,0
DA:977,0
DA:978,0
DA:979,0
DA:983,0
DA:992,0
DA:993,0
DA:997,0
DA:1002,0
DA:1007,0
DA:1012,0
DA:1013,0
DA:1014,0
DA:1024,0
DA:1027,0
DA:1030,0
DA:1031,0
DA:1041,0
DA:1042,0
DA:1057,0
DA:1058,0
DA:1059,0
DA:1065,0
DA:1079,0
DA:1080,0
DA:1081,0
DA:1082,0
DA:1083,0
DA:1084,0
DA:1086,0
DA:1095,0
DA:1096,0
DA:1100,0
DA:1103,0
DA:1119,0
DA:1120,0
DA:1122,0
DA:1126,0
DA:1127,0
DA:1132,0
DA:1136,0
DA:1137,0
DA:1138,0
DA:1144,0
DA:1145,0
DA:1156,0
DA:1157,0
DA:1168,0
DA:1169,0
DA:1172,0
DA:1192,0
DA:1197,0
DA:1198,0
DA:1199,0
DA:1200,0
DA:1201,0
DA:1203,0
DA:1204,0
DA:1209,0
DA:1212,0
DA:1214,0
DA:1216,0
LF:315
LH:0
BRDA:222,0,0,0
BRDA:225,1,0,0
BRDA:225,1,1,0
BRDA:227,2,0,0
BRDA:227,2,1,0
BRDA:229,3,0,0
BRDA:229,3,1,0
BRDA:231,4,0,0
BRDA:231,4,1,0
BRDA:236,5,0,0
BRDA:236,5,1,0
BRDA:238,6,0,0
BRDA:238,6,1,0
BRDA:240,7,0,0
BRDA:240,7,1,0
BRDA:248,8,0,0
BRDA:249,9,0,0
BRDA:249,9,1,0
BRDA:271,10,0,0
BRDA:271,10,1,0
BRDA:275,11,0,0
BRDA:279,12,0,0
BRDA:279,12,1,0
BRDA:279,13,0,0
BRDA:279,13,1,0
BRDA:279,13,2,0
BRDA:287,14,0,0
BRDA:287,14,1,0
BRDA:287,15,0,0
BRDA:287,15,1,0
BRDA:288,16,0,0
BRDA:288,16,1,0
BRDA:289,17,0,0
BRDA:289,17,1,0
BRDA:290,18,0,0
BRDA:290,18,1,0
BRDA:291,19,0,0
BRDA:291,19,1,0
BRDA:298,20,0,0
BRDA:306,21,0,0
BRDA:306,21,1,0
BRDA:323,22,0,0
BRDA:323,22,1,0
BRDA:374,23,0,0
BRDA:374,23,1,0
BRDA:475,24,0,0
BRDA:475,24,1,0
BRDA:489,25,0,0
BRDA:489,25,1,0
BRDA:489,26,0,0
BRDA:489,26,1,0
BRDA:491,27,0,0
BRDA:491,27,1,0
BRDA:493,28,0,0
BRDA:493,28,1,0
BRDA:499,29,0,0
BRDA:499,29,1,0
BRDA:500,30,0,0
BRDA:500,30,1,0
BRDA:507,31,0,0
BRDA:507,31,1,0
BRDA:507,32,0,0
BRDA:507,32,1,0
BRDA:512,33,0,0
BRDA:512,33,1,0
BRDA:512,34,0,0
BRDA:512,34,1,0
BRDA:522,35,0,0
BRDA:522,35,1,0
BRDA:522,35,2,0
BRDA:522,35,3,0
BRDA:530,36,0,0
BRDA:530,36,1,0
BRDA:530,36,2,0
BRDA:530,36,3,0
BRDA:534,37,0,0
BRDA:534,37,1,0
BRDA:539,38,0,0
BRDA:539,38,1,0
BRDA:539,38,2,0
BRDA:539,38,3,0
BRDA:543,39,0,0
BRDA:543,39,1,0
BRDA:547,40,0,0
BRDA:547,40,1,0
BRDA:593,41,0,0
BRDA:593,41,1,0
BRDA:593,42,0,0
BRDA:593,42,1,0
BRDA:599,43,0,0
BRDA:599,43,1,0
BRDA:599,44,0,0
BRDA:599,44,1,0
BRDA:611,45,0,0
BRDA:611,45,1,0
BRDA:644,46,0,0
BRDA:644,46,1,0
BRDA:645,47,0,0
BRDA:645,47,1,0
BRDA:645,47,2,0
BRDA:645,47,3,0
BRDA:694,48,0,0
BRDA:694,48,1,0
BRDA:694,49,0,0
BRDA:694,49,1,0
BRDA:708,50,0,0
BRDA:708,50,1,0
BRDA:713,51,0,0
BRDA:713,51,1,0
BRDA:716,52,0,0
BRDA:716,52,1,0
BRDA:768,53,0,0
BRDA:768,53,1,0
BRDA:804,54,0,0
BRDA:804,54,1,0
BRDA:841,55,0,0
BRDA:841,55,1,0
BRDA:877,56,0,0
BRDA:877,56,1,0
BRDA:893,57,0,0
BRDA:893,57,1,0
BRDA:893,58,0,0
BRDA:893,58,1,0
BRDA:899,59,0,0
BRDA:899,59,1,0
BRDA:899,60,0,0
BRDA:899,60,1,0
BRDA:900,61,0,0
BRDA:900,61,1,0
BRDA:902,62,0,0
BRDA:902,62,1,0
BRDA:902,63,0,0
BRDA:902,63,1,0
BRDA:917,64,0,0
BRDA:917,64,1,0
BRDA:924,65,0,0
BRDA:924,65,1,0
BRDA:925,66,0,0
BRDA:925,66,1,0
BRDA:925,67,0,0
BRDA:925,67,1,0
BRDA:929,68,0,0
BRDA:929,68,1,0
BRDA:941,69,0,0
BRDA:941,69,1,0
BRDA:942,70,0,0
BRDA:942,70,1,0
BRDA:959,71,0,0
BRDA:959,71,1,0
BRDA:959,72,0,0
BRDA:959,72,1,0
BRDA:978,73,0,0
BRDA:978,73,1,0
BRDA:1057,74,0,0
BRDA:1057,74,1,0
BRDA:1057,75,0,0
BRDA:1057,75,1,0
BRDA:1058,76,0,0
BRDA:1058,76,1,0
BRDA:1096,77,0,0
BRDA:1096,77,1,0
BRDA:1097,78,0,0
BRDA:1097,78,1,0
BRDA:1119,79,0,0
BRDA:1119,79,1,0
BRDA:1126,80,0,0
BRDA:1126,80,1,0
BRDA:1126,81,0,0
BRDA:1126,81,1,0
BRDA:1137,82,0,0
BRDA:1137,82,1,0
BRDA:1137,83,0,0
BRDA:1137,83,1,0
BRDA:1144,84,0,0
BRDA:1144,84,1,0
BRDA:1144,85,0,0
BRDA:1144,85,1,0
BRDA:1198,86,0,0
BRDA:1198,86,1,0
BRDA:1209,87,0,0
BRDA:1209,87,1,0
BRDA:3,88,0,0
BRDA:3,88,1,0
BRDA:4,89,0,0
BRDA:4,89,1,0
BRDA:4,90,0,0
BRDA:4,90,1,0
BRDA:4,91,0,0
BRDA:4,91,1,0
BRDA:10,92,0,0
BRDA:10,92,1,0
BRDA:16,93,0,0
BRDA:16,93,1,0
BRDA:18,94,0,0
BRDA:18,94,1,0
BRDA:24,95,0,0
BRDA:24,95,1,0
BRDA:26,96,0,0
BRDA:26,96,1,0
BRDA:32,97,0,0
BRDA:32,97,1,0
BRDA:34,98,0,0
BRDA:34,98,1,0
BRDA:37,99,0,0
BRDA:37,99,1,0
BRDA:39,100,0,0
BRDA:39,100,1,0
BRDA:45,101,0,0
BRDA:45,101,1,0
BRDA:45,102,0,0
BRDA:45,102,1,0
BRDA:45,103,0,0
BRDA:45,103,1,0
BRDA:47,104,0,0
BRDA:47,104,1,0
BRDA:79,105,0,0
BRDA:79,105,1,0
BRDA:79,106,0,0
BRDA:79,106,1,0
BRDA:90,107,0,0
BRDA:90,107,1,0
BRDA:99,108,0,0
BRDA:99,108,1,0
BRDA:99,109,0,0
BRDA:99,109,1,0
BRDA:109,110,0,0
BRDA:109,110,1,0
BRDA:118,111,0,0
BRDA:118,111,1,0
BRDA:126,112,0,0
BRDA:126,112,1,0
BRDA:135,113,0,0
BRDA:135,113,1,0
BRF:233
BRH:0
end_of_record
TN:
SF:src/components/SearchLocation.vue
FN:60,(anonymous_0)
FN:78,(anonymous_1)
FN:117,(anonymous_2)
FN:118,(anonymous_3)
FN:120,(anonymous_4)
FN:125,(anonymous_5)
FN:136,(anonymous_6)
FN:162,(anonymous_7)
FN:173,(anonymous_8)
FN:192,(anonymous_9)
FN:201,(anonymous_10)
FN:219,(anonymous_11)
FN:267,(anonymous_12)
FN:276,(anonymous_13)
FN:287,(anonymous_14)
FN:311,(anonymous_15)
FN:4,(anonymous_16)
FN:5,(anonymous_17)
FN:8,(anonymous_18)
FN:14,(anonymous_19)
FN:15,(anonymous_20)
FN:19,(anonymous_21)
FN:25,(anonymous_22)
FN:26,(anonymous_23)
FN:30,(anonymous_24)
FN:36,(anonymous_25)
FNF:26
FNH:14
FNDA:15,(anonymous_0)
FNDA:15,(anonymous_1)
FNDA:0,(anonymous_2)
FNDA:0,(anonymous_3)
FNDA:0,(anonymous_4)
FNDA:15,(anonymous_5)
FNDA:13,(anonymous_6)
FNDA:28,(anonymous_7)
FNDA:24,(anonymous_8)
FNDA:24,(anonymous_9)
FNDA:0,(anonymous_10)
FNDA:22,(anonymous_11)
FNDA:3,(anonymous_12)
FNDA:1,(anonymous_13)
FNDA:0,(anonymous_14)
FNDA:1,(anonymous_15)
FNDA:0,(anonymous_16)
FNDA:0,(anonymous_17)
FNDA:82,(anonymous_18)
FNDA:0,(anonymous_19)
FNDA:0,(anonymous_20)
FNDA:48,(anonymous_21)
FNDA:0,(anonymous_22)
FNDA:0,(anonymous_23)
FNDA:24,(anonymous_24)
FNDA:0,(anonymous_25)
DA:2,72
DA:4,0
DA:5,0
DA:8,82
DA:14,0
DA:15,0
DA:19,48
DA:25,0
DA:26,0
DA:30,24
DA:36,0
DA:52,1
DA:61,15
DA:81,15
DA:82,15
DA:83,15
DA:84,1
DA:85,1
DA:88,1
DA:90,1
DA:92,1
DA:93,1
DA:94,1
DA:95,1
DA:96,1
DA:99,14
DA:100,14
DA:101,14
DA:105,15
DA:108,15
DA:111,15
DA:112,1
DA:118,0
DA:121,0
DA:126,15
DA:127,15
DA:128,14
DA:131,14
DA:134,14
DA:136,13
DA:137,13
DA:139,13
DA:147,13
DA:151,1
DA:152,1
DA:153,1
DA:154,1
DA:157,1
DA:158,1
DA:159,1
DA:163,28
DA:164,26
DA:165,26
DA:166,24
DA:169,24
DA:172,24
DA:173,24
DA:174,24
DA:176,24
DA:179,24
DA:182,0
DA:183,0
DA:186,2
DA:187,2
DA:188,2
DA:193,24
DA:194,24
DA:196,24
DA:197,0
DA:198,0
DA:199,24
DA:201,0
DA:202,0
DA:203,0
DA:207,24
DA:208,24
DA:211,24
DA:213,24
DA:214,24
DA:217,24
DA:219,22
DA:220,22
DA:222,22
DA:224,22
DA:225,22
DA:226,22
DA:227,22
DA:229,22
DA:237,22
DA:248,22
DA:251,22
DA:254,22
DA:255,1
DA:256,1
DA:261,0
DA:262,0
DA:263,0
DA:264,0
DA:269,3
DA:271,2
DA:273,1
DA:274,1
DA:275,1
DA:276,1
DA:281,1
DA:283,0
DA:284,0
DA:288,0
DA:289,0
DA:290,0
DA:291,0
DA:292,0
DA:293,0
DA:306,0
DA:309,0
DA:314,1
DA:323,1
LF:117
LH:87
BRDA:83,0,0,1
BRDA:83,0,1,14
BRDA:83,1,0,15
BRDA:83,1,1,1
BRDA:111,2,0,1
BRDA:111,2,1,14
BRDA:118,3,0,0
BRDA:118,3,1,0
BRDA:134,4,0,13
BRDA:134,4,1,1
BRDA:137,5,0,13
BRDA:137,5,1,0
BRDA:163,6,0,2
BRDA:163,6,1,26
BRDA:172,7,0,24
BRDA:172,7,1,0
BRDA:174,8,0,24
BRDA:174,8,1,0
BRDA:193,9,0,0
BRDA:193,9,1,24
BRDA:196,10,0,0
BRDA:196,10,1,24
BRDA:196,11,0,24
BRDA:196,11,1,0
BRDA:196,11,2,0
BRDA:199,12,0,0
BRDA:199,12,1,24
BRDA:202,13,0,0
BRDA:202,13,1,0
BRDA:217,14,0,22
BRDA:217,14,1,2
BRDA:222,15,0,22
BRDA:222,15,1,0
BRDA:254,16,0,1
BRDA:254,16,1,21
BRDA:269,17,0,1
BRDA:269,17,1,2
BRDA:269,18,0,3
BRDA:269,18,1,3
BRDA:271,19,0,1
BRDA:271,19,1,1
BRDA:271,20,0,2
BRDA:271,20,1,1
BRDA:4,21,0,72
BRDA:4,21,1,15
BRDA:5,22,0,72
BRDA:5,22,1,15
BRDA:5,23,0,0
BRDA:5,23,1,0
BRDA:14,24,0,72
BRDA:14,24,1,15
BRDA:15,25,0,72
BRDA:15,25,1,15
BRDA:15,26,0,0
BRDA:15,26,1,0
BRDA:25,27,0,72
BRDA:25,27,1,15
BRDA:26,28,0,72
BRDA:26,28,1,15
BRDA:26,29,0,0
BRDA:26,29,1,0
BRDA:36,30,0,72
BRDA:36,30,1,15
BRF:63
BRH:44
end_of_record
TN:
SF:src/components/StatsGraph.vue
FN:37,convertToColorblindPalette
FN:76,(anonymous_1)
FN:95,(anonymous_2)
FN:98,(anonymous_3)
FN:130,(anonymous_4)
FN:133,(anonymous_5)
FN:146,(anonymous_6)
FN:160,(anonymous_7)
FN:167,(anonymous_8)
FN:173,(anonymous_9)
FN:182,(anonymous_10)
FN:189,(anonymous_11)
FN:196,(anonymous_12)
FN:209,(anonymous_13)
FN:213,(anonymous_14)
FN:215,(anonymous_15)
FN:216,(anonymous_16)
FN:220,(anonymous_17)
FN:221,(anonymous_18)
FN:223,(anonymous_19)
FN:224,(anonymous_20)
FN:228,(anonymous_21)
FNF:22
FNH:0
FNDA:0,convertToColorblindPalette
FNDA:0,(anonymous_1)
FNDA:0,(anonymous_2)
FNDA:0,(anonymous_3)
FNDA:0,(anonymous_4)
FNDA:0,(anonymous_5)
FNDA:0,(anonymous_6)
FNDA:0,(anonymous_7)
FNDA:0,(anonymous_8)
FNDA:0,(anonymous_9)
FNDA:0,(anonymous_10)
FNDA:0,(anonymous_11)
FNDA:0,(anonymous_12)
FNDA:0,(anonymous_13)
FNDA:0,(anonymous_14)
FNDA:0,(anonymous_15)
FNDA:0,(anonymous_16)
FNDA:0,(anonymous_17)
FNDA:0,(anonymous_18)
FNDA:0,(anonymous_19)
FNDA:0,(anonymous_20)
FNDA:0,(anonymous_21)
DA:2,0
DA:3,0
DA:7,0
DA:20,0
DA:34,0
DA:39,0
DA:40,0
DA:42,0
DA:43,0
DA:47,0
DA:61,0
DA:64,0
DA:77,0
DA:96,0
DA:97,0
DA:98,0
DA:99,0
DA:100,0
DA:131,0
DA:132,0
DA:133,0
DA:134,0
DA:135,0
DA:136,0
DA:149,0
DA:150,0
DA:152,0
DA:162,0
DA:165,0
DA:169,0
DA:170,0
DA:175,0
DA:176,0
DA:178,0
DA:184,0
DA:185,0
DA:186,0
DA:191,0
DA:192,0
DA:193,0
DA:197,0
DA:207,0
DA:210,0
DA:211,0
DA:213,0
DA:215,0
DA:216,0
DA:218,0
DA:221,0
DA:223,0
DA:224,0
DA:226,0
DA:231,0
DA:235,0
DA:236,0
DA:244,0
DA:247,0
DA:249,0
DA:250,0
DA:251,0
DA:252,0
DA:255,0
DA:256,0
DA:258,0
DA:260,0
DA:265,0
DA:267,0
DA:270,0
DA:272,0
DA:274,0
DA:275,0
DA:276,0
DA:280,0
DA:281,0
DA:282,0
DA:283,0
DA:288,0
DA:290,0
DA:291,0
DA:292,0
DA:293,0
DA:294,0
DA:296,0
DA:298,0
DA:299,0
DA:300,0
DA:305,0
DA:306,0
LF:88
LH:0
BRDA:42,0,0,0
BRDA:42,0,1,0
BRDA:61,1,0,0
BRDA:61,1,1,0
BRDA:135,2,0,0
BRDA:135,2,1,0
BRDA:149,3,0,0
BRDA:149,3,1,0
BRDA:149,4,0,0
BRDA:149,4,1,0
BRDA:149,4,2,0
BRDA:175,5,0,0
BRDA:175,5,1,0
BRDA:175,6,0,0
BRDA:175,6,1,0
BRDA:184,7,0,0
BRDA:184,7,1,0
BRDA:184,8,0,0
BRDA:184,8,1,0
BRDA:191,9,0,0
BRDA:191,9,1,0
BRDA:235,10,0,0
BRDA:235,10,1,0
BRDA:251,11,0,0
BRDA:251,11,1,0
BRDA:265,12,0,0
BRDA:265,12,1,0
BRDA:270,13,0,0
BRDA:270,13,1,0
BRDA:293,14,0,0
BRDA:293,14,1,0
BRDA:2,15,0,0
BRDA:2,15,1,0
BRDA:4,16,0,0
BRDA:9,17,0,0
BRDA:9,17,1,0
BRF:36
BRH:0
end_of_record
TN:
SF:src/router/index.js
FNF:0
FNH:0
DA:13,0
DA:60,0
LF:2
LH:0
BRF:0
BRH:0
end_of_record
TN:
SF:src/utils/urlParams.js
FN:28,getUrlParams
FN:95,buildUrlWithParams
FN:144,hasGeographicalParams
FN:170,buildShareableUrl
FN:198,removeGeographicalParams
FN:251,isActive
FNF:6
FNH:6
FNDA:9,getUrlParams
FNDA:6,buildUrlWithParams
FNDA:2,hasGeographicalParams
FNDA:2,buildShareableUrl
FNDA:2,removeGeographicalParams
FNDA:7,isActive
DA:29,9
DA:31,9
DA:38,9
DA:39,9
DA:40,2
DA:44,9
DA:45,9
DA:46,3
DA:50,9
DA:51,9
DA:52,3
DA:53,3
DA:54,3
DA:65,3
DA:66,1
DA:67,1
DA:72,9
DA:101,6
DA:103,6
DA:106,6
DA:107,2
DA:108,2
DA:110,2
DA:111,1
DA:117,6
DA:118,3
DA:122,6
DA:123,2
DA:127,6
DA:129,2
DA:130,2
DA:133,6
DA:134,6
DA:136,6
DA:145,2
DA:146,2
DA:171,2
DA:173,1
DA:184,2
DA:199,2
DA:202,2
DA:203,2
DA:204,2
DA:205,2
DA:207,2
DA:208,2
DA:210,2
DA:213,1
DA:253,7
DA:256,7
DA:259,7
DA:260,7
DA:263,7
LF:53
LH:53
BRDA:39,0,0,2
BRDA:39,0,1,7
BRDA:44,1,0,9
BRDA:44,1,1,7
BRDA:45,2,0,3
BRDA:45,2,1,6
BRDA:51,3,0,3
BRDA:51,3,1,6
BRDA:53,4,0,3
BRDA:53,4,1,0
BRDA:55,5,0,3
BRDA:55,5,1,0
BRDA:56,6,0,3
BRDA:56,6,1,0
BRDA:57,7,0,3
BRDA:57,7,1,0
BRDA:58,8,0,3
BRDA:58,8,1,0
BRDA:59,9,0,3
BRDA:59,9,1,0
BRDA:60,10,0,3
BRDA:60,10,1,0
BRDA:61,11,0,3
BRDA:61,11,1,0
BRDA:65,12,0,1
BRDA:65,12,1,2
BRDA:65,13,0,3
BRDA:65,13,1,2
BRDA:95,14,0,6
BRDA:97,15,0,6
BRDA:98,16,0,6
BRDA:99,17,0,6
BRDA:100,18,0,6
BRDA:106,19,0,2
BRDA:106,19,1,4
BRDA:110,20,0,1
BRDA:110,20,1,1
BRDA:117,21,0,3
BRDA:117,21,1,3
BRDA:122,22,0,2
BRDA:122,22,1,4
BRDA:127,23,0,2
BRDA:127,23,1,4
BRDA:127,24,0,6
BRDA:127,24,1,2
BRDA:129,25,0,2
BRDA:129,25,1,0
BRDA:129,26,0,2
BRDA:129,26,1,0
BRDA:129,27,0,2
BRDA:129,27,1,0
BRDA:129,28,0,2
BRDA:129,28,1,0
BRDA:129,29,0,2
BRDA:129,29,1,0
BRDA:136,30,0,5
BRDA:136,30,1,1
BRDA:146,31,0,2
BRDA:146,31,1,2
BRDA:146,31,2,2
BRDA:171,32,0,1
BRDA:171,32,1,1
BRDA:174,33,0,1
BRDA:174,33,1,0
BRDA:175,34,0,2
BRDA:175,34,1,0
BRDA:176,35,0,2
BRDA:176,35,1,0
BRDA:179,36,0,2
BRDA:179,36,1,0
BRDA:180,37,0,2
BRDA:180,37,1,0
BRDA:210,38,0,1
BRDA:210,38,1,1
BRDA:263,39,0,7
BRDA:263,39,1,6
BRF:76
BRH:58
end_of_record
TN:
SF:src/utils/versionCheck.js
FN:3,checkForUpdates
FN:21,initVersionCheck
FNF:2
FNH:2
FNDA:4,checkForUpdates
FNDA:4,initVersionCheck
DA:1,4
DA:4,4
DA:5,4
DA:6,3
DA:7,3
DA:9,3
DA:10,1
DA:11,1
DA:12,1
DA:14,2
DA:17,1
DA:22,4
DA:23,4
LF:13
LH:13
BRDA:9,0,0,1
BRDA:9,0,1,2
BRDA:9,1,0,3
BRDA:9,1,1,2
BRF:4
BRH:4
end_of_record
TN:
SF:src/views/AppCarte.vue
FN:64,(anonymous_0)
FN:72,(anonymous_1)
FN:75,(anonymous_2)
FN:78,(anonymous_3)
FN:81,(anonymous_4)
FN:84,(anonymous_5)
FN:87,(anonymous_6)
FN:90,(anonymous_7)
FN:93,(anonymous_8)
FN:98,(anonymous_9)
FN:103,(anonymous_10)
FN:106,(anonymous_11)
FNF:12
FNH:0
FNDA:0,(anonymous_0)
FNDA:0,(anonymous_1)
FNDA:0,(anonymous_2)
FNDA:0,(anonymous_3)
FNDA:0,(anonymous_4)
FNDA:0,(anonymous_5)
FNDA:0,(anonymous_6)
FNDA:0,(anonymous_7)
FNDA:0,(anonymous_8)
FNDA:0,(anonymous_9)
FNDA:0,(anonymous_10)
FNDA:0,(anonymous_11)
DA:2,0
DA:5,0
DA:6,0
DA:12,0
DA:13,0
DA:14,0
DA:18,0
DA:19,0
DA:20,0
DA:25,0
DA:26,0
DA:36,0
DA:40,0
DA:44,0
DA:58,0
DA:65,0
DA:73,0
DA:76,0
DA:79,0
DA:82,0
DA:85,0
DA:88,0
DA:91,0
DA:94,0
DA:101,0
DA:104,0
DA:107,0
LF:27
LH:0
BRDA:73,0,0,0
BRDA:73,0,1,0
BRDA:76,1,0,0
BRDA:76,1,1,0
BRDA:79,2,0,0
BRDA:79,2,1,0
BRDA:82,3,0,0
BRDA:82,3,1,0
BRDA:85,4,0,0
BRDA:85,4,1,0
BRDA:88,5,0,0
BRDA:88,5,1,0
BRDA:91,6,0,0
BRDA:91,6,1,0
BRDA:94,7,0,0
BRDA:94,7,1,0
BRDA:17,8,0,0
BRDA:17,8,1,0
BRDA:24,9,0,0
BRDA:24,9,1,0
BRDA:27,10,0,0
BRDA:27,10,1,0
BRDA:29,11,0,0
BRDA:29,11,1,0
BRDA:32,12,0,0
BRDA:32,12,1,0
BRDA:37,13,0,0
BRDA:37,13,1,0
BRDA:41,14,0,0
BRDA:41,14,1,0
BRDA:45,15,0,0
BRDA:45,15,1,0
BRF:32
BRH:0
end_of_record
TN:
SF:src/views/AppInformation.vue
FN:152,(anonymous_0)
FN:153,(anonymous_1)
FN:155,(anonymous_2)
FN:96,(anonymous_3)
FNF:4
FNH:0
FNDA:0,(anonymous_0)
FNDA:0,(anonymous_1)
FNDA:0,(anonymous_2)
FNDA:0,(anonymous_3)
DA:2,0
DA:3,0
DA:96,0
DA:147,0
DA:153,0
DA:156,0
DA:157,0
DA:158,0
DA:160,0
DA:161,0
DA:162,0
DA:165,0
LF:12
LH:0
BRDA:93,0,0,0
BRDA:93,0,1,0
BRDA:96,1,0,0
BRDA:96,1,1,0
BRDA:96,2,0,0
BRDA:96,2,1,0
BRDA:97,3,0,0
BRDA:97,3,1,0
BRDA:97,4,0,0
BRDA:97,4,1,0
BRDA:100,5,0,0
BRDA:100,5,1,0
BRDA:100,6,0,0
BRDA:100,6,1,0
BRF:14
BRH:0
end_of_record
TN:
SF:src/views/AppStatistics.vue
FN:37,(anonymous_0)
FN:43,(anonymous_1)
FN:59,(anonymous_2)
FN:70,(anonymous_3)
FNF:4
FNH:0
FNDA:0,(anonymous_0)
FNDA:0,(anonymous_1)
FNDA:0,(anonymous_2)
FNDA:0,(anonymous_3)
DA:2,0
DA:10,0
DA:11,0
DA:23,0
DA:30,0
DA:38,0
DA:45,0
DA:46,0
DA:47,0
DA:48,0
DA:50,0
DA:51,0
DA:55,0
DA:61,0
DA:71,0
DA:73,0
DA:74,0
LF:17
LH:0
BRDA:46,0,0,0
BRDA:46,0,1,0
BRF:2
BRH:0
end_of_record
TN:
SF:src/views/AppVideoAdmin.vue
FN:61,(anonymous_0)
FN:71,(anonymous_1)
FN:86,(anonymous_2)
FN:87,(anonymous_3)
FN:98,(anonymous_4)
FN:12,(anonymous_5)
FN:14,(anonymous_6)
FNF:7
FNH:0
FNDA:0,(anonymous_0)
FNDA:0,(anonymous_1)
FNDA:0,(anonymous_2)
FNDA:0,(anonymous_3)
FNDA:0,(anonymous_4)
FNDA:0,(anonymous_5)
FNDA:0,(anonymous_6)
DA:2,0
DA:10,0
DA:11,0
DA:14,0
DA:21,0
DA:22,0
DA:45,0
DA:59,0
DA:62,0
DA:72,0
DA:73,0
DA:74,0
DA:76,0
DA:77,0
DA:78,0
DA:79,0
DA:80,0
DA:83,0
DA:87,0
DA:88,0
DA:89,0
DA:99,0
DA:100,0
LF:23
LH:0
BRDA:76,0,0,0
BRDA:76,0,1,0
BRDA:88,1,0,0
BRDA:88,1,1,0
BRDA:99,2,0,0
BRDA:99,2,1,0
BRDA:3,3,0,0
BRDA:3,3,1,0
BRDA:4,4,0,0
BRDA:4,4,1,0
BRDA:32,5,0,0
BRDA:32,5,1,0
BRF:12
BRH:0
end_of_record
