<?xml version="1.0" encoding="UTF-8" ?>
<testsuites name="vitest tests" tests="72" failures="0" errors="0" time="1.46820787">
    <testsuite name="src/components/__tests__/Autocomplete.test.js" timestamp="2026-04-17T09:27:44.174Z" hostname="P20230205" tests="14" failures="0" errors="0" skipped="0" time="0.047908465">
        <testcase classname="src/components/__tests__/Autocomplete.test.js" name="Autocomplete.vue &gt; rendu conditionnel &gt; affiche l&apos;input si displaySearchAddress=true" time="0.016493855">
        </testcase>
        <testcase classname="src/components/__tests__/Autocomplete.test.js" name="Autocomplete.vue &gt; rendu conditionnel &gt; masque tout si displaySearchAddress=false" time="0.000957583">
        </testcase>
        <testcase classname="src/components/__tests__/Autocomplete.test.js" name="Autocomplete.vue &gt; placeholder et disabled &gt; applique le placeholder" time="0.001471769">
        </testcase>
        <testcase classname="src/components/__tests__/Autocomplete.test.js" name="Autocomplete.vue &gt; placeholder et disabled &gt; désactive l&apos;input si disabled=true" time="0.001221908">
        </testcase>
        <testcase classname="src/components/__tests__/Autocomplete.test.js" name="Autocomplete.vue &gt; dropdown &gt; n&apos;affiche pas la liste au départ" time="0.001077908">
        </testcase>
        <testcase classname="src/components/__tests__/Autocomplete.test.js" name="Autocomplete.vue &gt; dropdown &gt; affiche les suggestions après saisie" time="0.006726548">
        </testcase>
        <testcase classname="src/components/__tests__/Autocomplete.test.js" name="Autocomplete.vue &gt; dropdown &gt; affiche le score si présent" time="0.002842091">
        </testcase>
        <testcase classname="src/components/__tests__/Autocomplete.test.js" name="Autocomplete.vue &gt; sélection d&apos;un item &gt; émet location-selected avec les bonnes coordonnées" time="0.003327982">
        </testcase>
        <testcase classname="src/components/__tests__/Autocomplete.test.js" name="Autocomplete.vue &gt; sélection d&apos;un item &gt; émet update:modelValue avec l&apos;id de l&apos;item" time="0.002127754">
        </testcase>
        <testcase classname="src/components/__tests__/Autocomplete.test.js" name="Autocomplete.vue &gt; sélection d&apos;un item &gt; ferme le dropdown après sélection" time="0.00206894">
        </testcase>
        <testcase classname="src/components/__tests__/Autocomplete.test.js" name="Autocomplete.vue &gt; sélection d&apos;un item &gt; met à jour le champ texte avec le label sélectionné" time="0.002113521">
        </testcase>
        <testcase classname="src/components/__tests__/Autocomplete.test.js" name="Autocomplete.vue &gt; watcher modelValue &gt; met à jour le champ search quand modelValue change vers un id connu" time="0.002383217">
        </testcase>
        <testcase classname="src/components/__tests__/Autocomplete.test.js" name="Autocomplete.vue &gt; watcher modelValue &gt; vide le champ si modelValue ne correspond à aucun item" time="0.001629231">
        </testcase>
        <testcase classname="src/components/__tests__/Autocomplete.test.js" name="Autocomplete.vue &gt; filteredItems &gt; filtre les items selon la saisie (insensible à la casse)" time="0.001833186">
        </testcase>
    </testsuite>
    <testsuite name="src/components/__tests__/Com2coQuickAccess.test.js" timestamp="2026-04-17T09:27:44.176Z" hostname="P20230205" tests="14" failures="0" errors="0" skipped="0" time="0.040994441">
        <testcase classname="src/components/__tests__/Com2coQuickAccess.test.js" name="Com2coQuickAccess.vue &gt; rendu conditionnel &gt; n&apos;affiche rien si currentLocation est null" time="0.011722773">
        </testcase>
        <testcase classname="src/components/__tests__/Com2coQuickAccess.test.js" name="Com2coQuickAccess.vue &gt; rendu conditionnel &gt; n&apos;affiche rien si com2coId est absent" time="0.000938366">
        </testcase>
        <testcase classname="src/components/__tests__/Com2coQuickAccess.test.js" name="Com2coQuickAccess.vue &gt; rendu conditionnel &gt; affiche le composant si com2coId est présent" time="0.004345332">
        </testcase>
        <testcase classname="src/components/__tests__/Com2coQuickAccess.test.js" name="Com2coQuickAccess.vue &gt; titre &gt; affiche le nom de la com2co dans le titre" time="0.001475761">
        </testcase>
        <testcase classname="src/components/__tests__/Com2coQuickAccess.test.js" name="Com2coQuickAccess.vue &gt; titre &gt; affiche un libellé par défaut si com2coName est absent" time="0.001259418">
        </testcase>
        <testcase classname="src/components/__tests__/Com2coQuickAccess.test.js" name="Com2coQuickAccess.vue &gt; boutons graphTypes &gt; affiche 3 boutons" time="0.001767703">
        </testcase>
        <testcase classname="src/components/__tests__/Com2coQuickAccess.test.js" name="Com2coQuickAccess.vue &gt; boutons graphTypes &gt; les boutons ont les bons libellés" time="0.001505779">
        </testcase>
        <testcase classname="src/components/__tests__/Com2coQuickAccess.test.js" name="Com2coQuickAccess.vue &gt; sélection d&apos;un type de graphe &gt; émet graph-type-selected avec locType=com2co et graphType correct" time="0.005514768">
            <system-out>
Com2coQuickAccess emitting: {&quot;regionId&quot;:&quot;9&quot;,&quot;com2coId&quot;:&quot;1&quot;,&quot;com2coName&quot;:&quot;Métropole Européenne de Lille&quot;,&quot;cityId&quot;:&quot;2878&quot;,&quot;cityName&quot;:&quot;Lille&quot;,&quot;locType&quot;:&quot;com2co&quot;,&quot;graphType&quot;:&quot;urbans&quot;}

            </system-out>
        </testcase>
        <testcase classname="src/components/__tests__/Com2coQuickAccess.test.js" name="Com2coQuickAccess.vue &gt; sélection d&apos;un type de graphe &gt; émet graph-type-selected avec graphType=suburbs pour Périurbain" time="0.001853643">
            <system-out>
Com2coQuickAccess emitting: {&quot;regionId&quot;:&quot;9&quot;,&quot;com2coId&quot;:&quot;1&quot;,&quot;com2coName&quot;:&quot;Métropole Européenne de Lille&quot;,&quot;cityId&quot;:&quot;2878&quot;,&quot;cityName&quot;:&quot;Lille&quot;,&quot;locType&quot;:&quot;com2co&quot;,&quot;graphType&quot;:&quot;suburbs&quot;}

            </system-out>
        </testcase>
        <testcase classname="src/components/__tests__/Com2coQuickAccess.test.js" name="Com2coQuickAccess.vue &gt; sélection d&apos;un type de graphe &gt; émet graph-type-selected avec graphType=all pour Densités confondues" time="0.001579149">
            <system-out>
Com2coQuickAccess emitting: {&quot;regionId&quot;:&quot;9&quot;,&quot;com2coId&quot;:&quot;1&quot;,&quot;com2coName&quot;:&quot;Métropole Européenne de Lille&quot;,&quot;cityId&quot;:&quot;2878&quot;,&quot;cityName&quot;:&quot;Lille&quot;,&quot;locType&quot;:&quot;com2co&quot;,&quot;graphType&quot;:&quot;all&quot;}

            </system-out>
        </testcase>
        <testcase classname="src/components/__tests__/Com2coQuickAccess.test.js" name="Com2coQuickAccess.vue &gt; sélection d&apos;un type de graphe &gt; met à jour selectedType après clic" time="0.001512004">
            <system-out>
Com2coQuickAccess emitting: {&quot;regionId&quot;:&quot;9&quot;,&quot;com2coId&quot;:&quot;1&quot;,&quot;com2coName&quot;:&quot;Métropole Européenne de Lille&quot;,&quot;cityId&quot;:&quot;2878&quot;,&quot;cityName&quot;:&quot;Lille&quot;,&quot;locType&quot;:&quot;com2co&quot;,&quot;graphType&quot;:&quot;urbans&quot;}

            </system-out>
        </testcase>
        <testcase classname="src/components/__tests__/Com2coQuickAccess.test.js" name="Com2coQuickAccess.vue &gt; sélection d&apos;un type de graphe &gt; applique la classe active sur le bouton sélectionné" time="0.001952052">
            <system-out>
Com2coQuickAccess emitting: {&quot;regionId&quot;:&quot;9&quot;,&quot;com2coId&quot;:&quot;1&quot;,&quot;com2coName&quot;:&quot;Métropole Européenne de Lille&quot;,&quot;cityId&quot;:&quot;2878&quot;,&quot;cityName&quot;:&quot;Lille&quot;,&quot;locType&quot;:&quot;com2co&quot;,&quot;graphType&quot;:&quot;urbans&quot;}

            </system-out>
        </testcase>
        <testcase classname="src/components/__tests__/Com2coQuickAccess.test.js" name="Com2coQuickAccess.vue &gt; sélection d&apos;un type de graphe &gt; enrichit l&apos;objet location avec les données de currentLocation" time="0.001614434">
            <system-out>
Com2coQuickAccess emitting: {&quot;regionId&quot;:&quot;9&quot;,&quot;com2coId&quot;:&quot;1&quot;,&quot;com2coName&quot;:&quot;Métropole Européenne de Lille&quot;,&quot;cityId&quot;:&quot;2878&quot;,&quot;cityName&quot;:&quot;Lille&quot;,&quot;locType&quot;:&quot;com2co&quot;,&quot;graphType&quot;:&quot;urbans&quot;}

            </system-out>
        </testcase>
        <testcase classname="src/components/__tests__/Com2coQuickAccess.test.js" name="Com2coQuickAccess.vue &gt; sélection d&apos;un type de graphe &gt; gère window._paq si présent" time="0.00237233">
            <system-out>
Com2coQuickAccess emitting: {&quot;regionId&quot;:&quot;9&quot;,&quot;com2coId&quot;:&quot;1&quot;,&quot;com2coName&quot;:&quot;Métropole Européenne de Lille&quot;,&quot;cityId&quot;:&quot;2878&quot;,&quot;cityName&quot;:&quot;Lille&quot;,&quot;locType&quot;:&quot;com2co&quot;,&quot;graphType&quot;:&quot;urbans&quot;}

            </system-out>
        </testcase>
    </testsuite>
    <testsuite name="src/components/__tests__/SearchLocation.test.js" timestamp="2026-04-17T09:27:44.177Z" hostname="P20230205" tests="15" failures="0" errors="0" skipped="0" time="1.299210482">
        <testcase classname="src/components/__tests__/SearchLocation.test.js" name="SearchLocation.vue &gt; rendu initial &gt; affiche 3 selects" time="0.02859534">
            <system-out>
fetchCities - selectedCity: 2878 type: string
First city in data: {
  id: [32m&apos;2878&apos;[39m,
  name: [32m&apos;LILLE&apos;[39m,
  inseeCode: [32m&apos;59350&apos;[39m,
  lonX: [32m&apos;3.046986424&apos;[39m,
  latY: [32m&apos;50.631855028&apos;[39m
}
City found: {
  id: [32m&apos;2878&apos;[39m,
  name: [32m&apos;LILLE&apos;[39m,
  inseeCode: [32m&apos;59350&apos;[39m,
  lonX: [32m&apos;3.046986424&apos;[39m,
  latY: [32m&apos;50.631855028&apos;[39m
}
City loaded: {
  selectedCityInseeCode: [32m&apos;59350&apos;[39m,
  selectedCityName: [32m&apos;LILLE (59350)&apos;[39m,
  locX: [32m&apos;3.046986424&apos;[39m,
  locY: [32m&apos;50.631855028&apos;[39m
}

            </system-out>
        </testcase>
        <testcase classname="src/components/__tests__/SearchLocation.test.js" name="SearchLocation.vue &gt; rendu initial &gt; le select région est toujours activé" time="0.005169606">
            <system-out>
fetchCities - selectedCity: 2878 type: string
First city in data: {
  id: [32m&apos;2878&apos;[39m,
  name: [32m&apos;LILLE&apos;[39m,
  inseeCode: [32m&apos;59350&apos;[39m,
  lonX: [32m&apos;3.046986424&apos;[39m,
  latY: [32m&apos;50.631855028&apos;[39m
}
City found: {
  id: [32m&apos;2878&apos;[39m,
  name: [32m&apos;LILLE&apos;[39m,
  inseeCode: [32m&apos;59350&apos;[39m,
  lonX: [32m&apos;3.046986424&apos;[39m,
  latY: [32m&apos;50.631855028&apos;[39m
}
City loaded: {
  selectedCityInseeCode: [32m&apos;59350&apos;[39m,
  selectedCityName: [32m&apos;LILLE (59350)&apos;[39m,
  locX: [32m&apos;3.046986424&apos;[39m,
  locY: [32m&apos;50.631855028&apos;[39m
}

            </system-out>
        </testcase>
        <testcase classname="src/components/__tests__/SearchLocation.test.js" name="SearchLocation.vue &gt; rendu initial &gt; le select com2co est désactivé sans région" time="0.004044414">
        </testcase>
        <testcase classname="src/components/__tests__/SearchLocation.test.js" name="SearchLocation.vue &gt; chargement initial depuis les valeurs par défaut (Lille) &gt; charge les régions au montage" time="0.006485924">
        </testcase>
        <testcase classname="src/components/__tests__/SearchLocation.test.js" name="SearchLocation.vue &gt; chargement initial depuis les valeurs par défaut (Lille) &gt; charge les com2cos après les régions" time="0.006869258">
        </testcase>
        <testcase classname="src/components/__tests__/SearchLocation.test.js" name="SearchLocation.vue &gt; chargement initial depuis les valeurs par défaut (Lille) &gt; charge les villes après les com2cos" time="0.004904066">
        </testcase>
        <testcase classname="src/components/__tests__/SearchLocation.test.js" name="SearchLocation.vue &gt; chargement initial depuis les valeurs par défaut (Lille) &gt; émet update-location avec les données de Lille par défaut" time="0.004426094">
        </testcase>
        <testcase classname="src/components/__tests__/SearchLocation.test.js" name="SearchLocation.vue &gt; chargement initial depuis les valeurs par défaut (Lille) &gt; sauvegarde dans localStorage" time="0.004215223">
        </testcase>
        <testcase classname="src/components/__tests__/SearchLocation.test.js" name="SearchLocation.vue &gt; chargement depuis localStorage &gt; restore la sélection depuis localStorage et émet update-location" time="0.005726589">
        </testcase>
        <testcase classname="src/components/__tests__/SearchLocation.test.js" name="SearchLocation.vue &gt; erreurs fetch &gt; gère l&apos;échec du fetch des régions sans planter" time="0.003836227">
        </testcase>
        <testcase classname="src/components/__tests__/SearchLocation.test.js" name="SearchLocation.vue &gt; erreurs fetch &gt; gère l&apos;échec du fetch des com2cos" time="0.003750741">
        </testcase>
        <testcase classname="src/components/__tests__/SearchLocation.test.js" name="SearchLocation.vue &gt; handleLocationSelected &gt; enrichit la loc avec les données contextuelles et émet update-location" time="0.004229562">
        </testcase>
        <testcase classname="src/components/__tests__/SearchLocation.test.js" name="SearchLocation.vue &gt; fetchAddresses &gt; ne fait pas d&apos;appel API si query &lt; 3 caractères" time="0.404879996">
        </testcase>
        <testcase classname="src/components/__tests__/SearchLocation.test.js" name="SearchLocation.vue &gt; fetchAddresses &gt; ne fait pas d&apos;appel API si aucune ville sélectionnée" time="0.402914132">
        </testcase>
        <testcase classname="src/components/__tests__/SearchLocation.test.js" name="SearchLocation.vue &gt; fetchAddresses &gt; appelle l&apos;API adresse avec le bon inseeCode" time="0.407171702">
        </testcase>
    </testsuite>
    <testsuite name="src/utils/__tests__/urlParams.test.js" timestamp="2026-04-17T09:27:44.178Z" hostname="P20230205" tests="25" failures="0" errors="0" skipped="0" time="0.019938965">
        <testcase classname="src/utils/__tests__/urlParams.test.js" name="urlParams &gt; getUrlParams &gt; retourne des nulls si aucun paramètre" time="0.005355367">
        </testcase>
        <testcase classname="src/utils/__tests__/urlParams.test.js" name="urlParams &gt; getUrlParams &gt; extrait regionId" time="0.000705866">
        </testcase>
        <testcase classname="src/utils/__tests__/urlParams.test.js" name="urlParams &gt; getUrlParams &gt; extrait c2cId via le paramètre c2c" time="0.000315264">
        </testcase>
        <testcase classname="src/utils/__tests__/urlParams.test.js" name="urlParams &gt; getUrlParams &gt; extrait c2cId via le paramètre com2co" time="0.000326637">
        </testcase>
        <testcase classname="src/utils/__tests__/urlParams.test.js" name="urlParams &gt; getUrlParams &gt; extrait les données city complètes" time="0.001238622">
        </testcase>
        <testcase classname="src/utils/__tests__/urlParams.test.js" name="urlParams &gt; getUrlParams &gt; retourne city null si coordonnées invalides" time="0.001625469">
            <system-err>
Invalid city coordinates in URL parameters

            </system-err>
        </testcase>
        <testcase classname="src/utils/__tests__/urlParams.test.js" name="urlParams &gt; getUrlParams &gt; extrait region + c2c + city ensemble" time="0.000649669">
        </testcase>
        <testcase classname="src/utils/__tests__/urlParams.test.js" name="urlParams &gt; buildUrlWithParams &gt; retourne le pathname seul si aucune option" time="0.000530513">
        </testcase>
        <testcase classname="src/utils/__tests__/urlParams.test.js" name="urlParams &gt; buildUrlWithParams &gt; ajoute le paramètre region" time="0.000481336">
        </testcase>
        <testcase classname="src/utils/__tests__/urlParams.test.js" name="urlParams &gt; buildUrlWithParams &gt; ajoute le paramètre c2c" time="0.000335887">
        </testcase>
        <testcase classname="src/utils/__tests__/urlParams.test.js" name="urlParams &gt; buildUrlWithParams &gt; ajoute le paramètre city formaté correctement" time="0.000474143">
        </testcase>
        <testcase classname="src/utils/__tests__/urlParams.test.js" name="urlParams &gt; buildUrlWithParams &gt; ne conserve pas les paramètres géographiques existants avec keepExisting" time="0.001703829">
        </testcase>
        <testcase classname="src/utils/__tests__/urlParams.test.js" name="urlParams &gt; hasGeographicalParams &gt; retourne false si aucun paramètre géographique" time="0.000458074">
        </testcase>
        <testcase classname="src/utils/__tests__/urlParams.test.js" name="urlParams &gt; hasGeographicalParams &gt; retourne false si aucun paramètre du tout" time="0.000267783">
        </testcase>
        <testcase classname="src/utils/__tests__/urlParams.test.js" name="urlParams &gt; buildShareableUrl &gt; retourne la defaultLoc si locationData est null" time="0.000298033">
        </testcase>
        <testcase classname="src/utils/__tests__/urlParams.test.js" name="urlParams &gt; buildShareableUrl &gt; construit une URL avec les données de localisation" time="0.000305927">
        </testcase>
        <testcase classname="src/utils/__tests__/urlParams.test.js" name="urlParams &gt; removeGeographicalParams &gt; supprime tous les paramètres géographiques" time="0.000509432">
        </testcase>
        <testcase classname="src/utils/__tests__/urlParams.test.js" name="urlParams &gt; removeGeographicalParams &gt; retourne le pathname seul si aucun autre paramètre" time="0.000213406">
        </testcase>
        <testcase classname="src/utils/__tests__/urlParams.test.js" name="urlParams &gt; isActive &gt; retourne true si le 1er janvier est dans la plage (format YYYYMMDD)" time="0.000261997">
        </testcase>
        <testcase classname="src/utils/__tests__/urlParams.test.js" name="urlParams &gt; isActive &gt; retourne true si le 1er janvier de 2027 est dans la plage" time="0.000164444">
        </testcase>
        <testcase classname="src/utils/__tests__/urlParams.test.js" name="urlParams &gt; isActive &gt; retourne false si l&apos;année est antérieure à dateDebut" time="0.000124817">
        </testcase>
        <testcase classname="src/utils/__tests__/urlParams.test.js" name="urlParams &gt; isActive &gt; retourne false si le 1er janvier est égal à dateFin (exclu)" time="0.000113378">
        </testcase>
        <testcase classname="src/utils/__tests__/urlParams.test.js" name="urlParams &gt; isActive &gt; accepte le format YYYY-MM-DD" time="0.000115807">
        </testcase>
        <testcase classname="src/utils/__tests__/urlParams.test.js" name="urlParams &gt; isActive &gt; accepte une année passée en string" time="0.000108365">
        </testcase>
        <testcase classname="src/utils/__tests__/urlParams.test.js" name="urlParams &gt; isActive &gt; retourne false pour une plage passée" time="0.000111813">
        </testcase>
    </testsuite>
    <testsuite name="src/utils/__tests__/versionCheck.test.js" timestamp="2026-04-17T09:27:44.179Z" hostname="P20230205" tests="4" failures="0" errors="0" skipped="0" time="0.060155517">
        <testcase classname="src/utils/__tests__/versionCheck.test.js" name="versionCheck &gt; enregistre la version si aucune version précédente en localStorage" time="0.024380637">
        </testcase>
        <testcase classname="src/utils/__tests__/versionCheck.test.js" name="versionCheck &gt; ne recharge pas si la version est identique" time="0.011832036">
        </testcase>
        <testcase classname="src/utils/__tests__/versionCheck.test.js" name="versionCheck &gt; recharge si une nouvelle version est détectée" time="0.011151171">
        </testcase>
        <testcase classname="src/utils/__tests__/versionCheck.test.js" name="versionCheck &gt; gère silencieusement une erreur fetch sans modifier localStorage" time="0.011084296">
        </testcase>
    </testsuite>
</testsuites>
